Argument 1: /scratch/midway2/joycehsiao/singlecell-de/simulated_data/mousezeiselbrain/
Argument 2: /project2/gilad/joycehsiao/singlecell-de/output_eval/mousezeiselbrain/
Argument 3: mousezeiselbrain
Loading required package: foreach
Loading required package: iterators
Loading required package: parallel
mousezeiselbrain , allgenes , pi0= 0.5 , 50 samples/condition 

------- simulated data 1

LIB 
TMM 
census 
DESeq2 
converting counts to integer mode
-- note: fitType='parametric', but the dispersion trend was not well captured by the
   function: y = a/x + b, and a local regression fit was automatically substituted.
   specify fitType='local' or 'mean' to avoid this message next time.
edgeR 
limmaVoom 
BPSC 
MAST 
DESeq2 
converting counts to integer mode
edgeR 
limmaVoom 
BPSC 
MAST 
DESeq2 
converting counts to integer mode
-- note: fitType='parametric', but the dispersion trend was not well captured by the
   function: y = a/x + b, and a local regression fit was automatically substituted.
   specify fitType='local' or 'mean' to avoid this message next time.
edgeR 
limmaVoom 
BPSC 
MAST 
Type 'citation("pROC")' for a citation.

Attaching package: ‘pROC’

The following objects are masked from ‘package:IRanges’:

    cov, var

The following objects are masked from ‘package:S4Vectors’:

    cov, var

The following object is masked from ‘package:BiocGenerics’:

    var

The following objects are masked from ‘package:stats’:

    cov, smooth, var

------- simulated data 2

LIB 
TMM 
census 
DESeq2 
converting counts to integer mode
-- note: fitType='parametric', but the dispersion trend was not well captured by the
   function: y = a/x + b, and a local regression fit was automatically substituted.
   specify fitType='local' or 'mean' to avoid this message next time.
edgeR 
limmaVoom 
BPSC 
MAST 
DESeq2 
converting counts to integer mode
-- note: fitType='parametric', but the dispersion trend was not well captured by the
   function: y = a/x + b, and a local regression fit was automatically substituted.
   specify fitType='local' or 'mean' to avoid this message next time.
edgeR 
limmaVoom 
BPSC 
MAST 
DESeq2 
converting counts to integer mode
-- note: fitType='parametric', but the dispersion trend was not well captured by the
   function: y = a/x + b, and a local regression fit was automatically substituted.
   specify fitType='local' or 'mean' to avoid this message next time.
edgeR 
limmaVoom 
BPSC 
MAST 
------- simulated data 3

LIB 
TMM 
census 
DESeq2 
converting counts to integer mode
Error in estimateSizeFactorsForMatrix(counts(object), locfunc = locfunc,  : 
  every gene contains at least one zero, cannot compute log geometric means
Calls: query.evaluation ... <Anonymous> -> .local -> estimateSizeFactorsForMatrix
In addition: There were 50 or more warnings (use warnings() to see the first 50)
Execution halted
